#
# There is insufficient memory for the Java Runtime Environment to continue.
# Native memory allocation (mmap) failed to map 1431699456 bytes for committing reserved memory.
# Possible reasons:
#   The system is out of physical RAM or swap space
#   In 32 bit mode, the process size limit was hit
# Possible solutions:
#   Reduce memory load on the system
#   Increase physical memory or swap space
#   Check if swap backing store is full
#   Use 64 bit Java on a 64 bit OS
#   Decrease Java heap size (-Xmx/-Xms)
#   Decrease number of Java threads
#   Decrease Java thread stack sizes (-Xss)
#   Set larger code cache with -XX:ReservedCodeCacheSize=
# This output file may be truncated or incomplete.
#
#  Out of Memory Error (os_linux.cpp:2627), pid=3615, tid=140207804397312
#
# JRE version:  (8.0_72-b15) (build )
# Java VM: Java HotSpot(TM) 64-Bit Server VM (25.72-b15 mixed mode linux-amd64 compressed oops)
# Failed to write core dump. Core dumps have been disabled. To enable core dumping, try "ulimit -c unlimited" before starting Java again
#

---------------  T H R E A D  ---------------

Current thread (0x00007f84a4009800):  JavaThread "Unknown thread" [_thread_in_vm, id=3616, stack(0x00007f84ac503000,0x00007f84ac604000)]

Stack: [0x00007f84ac503000,0x00007f84ac604000],  sp=0x00007f84ac602300,  free space=1020k
Native frames: (J=compiled Java code, j=interpreted, Vv=VM code, C=native code)
V  [libjvm.so+0xaba7ea]  VMError::report_and_die()+0x2ba
V  [libjvm.so+0x4f9e3b]  report_vm_out_of_memory(char const*, int, unsigned long, VMErrorType, char const*)+0x8b
V  [libjvm.so+0x91b613]  os::Linux::commit_memory_impl(char*, unsigned long, bool)+0x103
V  [libjvm.so+0x91bb69]  os::pd_commit_memory(char*, unsigned long, unsigned long, bool)+0x29
V  [libjvm.so+0x915e6a]  os::commit_memory(char*, unsigned long, unsigned long, bool)+0x2a
V  [libjvm.so+0xab6549]  VirtualSpace::expand_by(unsigned long, bool)+0x199
V  [libjvm.so+0xab709e]  VirtualSpace::initialize(ReservedSpace, unsigned long)+0xee
V  [libjvm.so+0x5f72b1]  CardGeneration::CardGeneration(ReservedSpace, unsigned long, int, GenRemSet*)+0xf1
V  [libjvm.so+0xa5e00f]  TenuredGeneration::TenuredGeneration(ReservedSpace, unsigned long, int, GenRemSet*)+0x5f
V  [libjvm.so+0x5f85b9]  GenerationSpec::init(ReservedSpace, int, GenRemSet*)+0x339
V  [libjvm.so+0x5e705e]  GenCollectedHeap::initialize()+0x1de
V  [libjvm.so+0xa8301b]  Universe::initialize_heap()+0xfb
V  [libjvm.so+0xa8338e]  universe_init()+0x3e
V  [libjvm.so+0x6392c5]  init_globals()+0x65
V  [libjvm.so+0xa6758e]  Threads::create_vm(JavaVMInitArgs*, bool*)+0x23e
V  [libjvm.so+0x6cd7e4]  JNI_CreateJavaVM+0x74
C  [libjli.so+0x745e]  JavaMain+0x9e
C  [libpthread.so.0+0x8182]  start_thread+0xc2


---------------  P R O C E S S  ---------------

Java Threads: ( => current thread )

Other Threads:

=>0x00007f84a4009800 (exited) JavaThread "Unknown thread" [_thread_in_vm, id=3616, stack(0x00007f84ac503000,0x00007f84ac604000)]

VM state:not at safepoint (not fully initialized)

VM Mutex/Monitor currently owned by a thread: None

GC Heap History (0 events):
No events

Deoptimization events (0 events):
No events

Internal exceptions (0 events):
No events

Events (0 events):
No events


Dynamic libraries:
00400000-00401000 r-xp 00000000 fd:01 1314218                            /usr/lib/jvm/java-8-oracle/jre/bin/java
00600000-00601000 rw-p 00000000 fd:01 1314218                            /usr/lib/jvm/java-8-oracle/jre/bin/java
00633000-00654000 rw-p 00000000 00:00 0                                  [heap]
80000000-aaaa0000 rw-p 00000000 00:00 0 
7f8495000000-7f8495270000 rwxp 00000000 00:00 0 
7f8495270000-7f84a4000000 ---p 00000000 00:00 0 
7f84a4000000-7f84a4033000 rw-p 00000000 00:00 0 
7f84a4033000-7f84a8000000 ---p 00000000 00:00 0 
7f84a8c2a000-7f84a9005000 rw-p 00000000 00:00 0 
7f84a9005000-7f84a92af000 ---p 00000000 00:00 0 
7f84a92af000-7f84a92ba000 rw-p 00000000 00:00 0 
7f84a92ba000-7f84a9670000 ---p 00000000 00:00 0 
7f84a9670000-7f84a968a000 r-xp 00000000 fd:01 1313987                    /usr/lib/jvm/java-8-oracle/jre/lib/amd64/libzip.so
7f84a968a000-7f84a988a000 ---p 0001a000 fd:01 1313987                    /usr/lib/jvm/java-8-oracle/jre/lib/amd64/libzip.so
7f84a988a000-7f84a988b000 rw-p 0001a000 fd:01 1313987                    /usr/lib/jvm/java-8-oracle/jre/lib/amd64/libzip.so
7f84a988b000-7f84a9896000 r-xp 00000000 fd:01 393326                     /lib/x86_64-linux-gnu/libnss_files-2.19.so
7f84a9896000-7f84a9a95000 ---p 0000b000 fd:01 393326                     /lib/x86_64-linux-gnu/libnss_files-2.19.so
7f84a9a95000-7f84a9a96000 r--p 0000a000 fd:01 393326                     /lib/x86_64-linux-gnu/libnss_files-2.19.so
7f84a9a96000-7f84a9a97000 rw-p 0000b000 fd:01 393326                     /lib/x86_64-linux-gnu/libnss_files-2.19.so
7f84a9a97000-7f84a9aa2000 r-xp 00000000 fd:01 410445                     /lib/x86_64-linux-gnu/libnss_nis-2.19.so
7f84a9aa2000-7f84a9ca1000 ---p 0000b000 fd:01 410445                     /lib/x86_64-linux-gnu/libnss_nis-2.19.so
7f84a9ca1000-7f84a9ca2000 r--p 0000a000 fd:01 410445                     /lib/x86_64-linux-gnu/libnss_nis-2.19.so
7f84a9ca2000-7f84a9ca3000 rw-p 0000b000 fd:01 410445                     /lib/x86_64-linux-gnu/libnss_nis-2.19.so
7f84a9ca3000-7f84a9cba000 r-xp 00000000 fd:01 393589                     /lib/x86_64-linux-gnu/libnsl-2.19.so
7f84a9cba000-7f84a9eb9000 ---p 00017000 fd:01 393589                     /lib/x86_64-linux-gnu/libnsl-2.19.so
7f84a9eb9000-7f84a9eba000 r--p 00016000 fd:01 393589                     /lib/x86_64-linux-gnu/libnsl-2.19.so
7f84a9eba000-7f84a9ebb000 rw-p 00017000 fd:01 393589                     /lib/x86_64-linux-gnu/libnsl-2.19.so
7f84a9ebb000-7f84a9ebd000 rw-p 00000000 00:00 0 
7f84a9ebd000-7f84a9ec6000 r-xp 00000000 fd:01 393583                     /lib/x86_64-linux-gnu/libnss_compat-2.19.so
7f84a9ec6000-7f84aa0c5000 ---p 00009000 fd:01 393583                     /lib/x86_64-linux-gnu/libnss_compat-2.19.so
7f84aa0c5000-7f84aa0c6000 r--p 00008000 fd:01 393583                     /lib/x86_64-linux-gnu/libnss_compat-2.19.so
7f84aa0c6000-7f84aa0c7000 rw-p 00009000 fd:01 393583                     /lib/x86_64-linux-gnu/libnss_compat-2.19.so
7f84aa0c7000-7f84aa0f1000 r-xp 00000000 fd:01 1313957                    /usr/lib/jvm/java-8-oracle/jre/lib/amd64/libjava.so
7f84aa0f1000-7f84aa2f1000 ---p 0002a000 fd:01 1313957                    /usr/lib/jvm/java-8-oracle/jre/lib/amd64/libjava.so
7f84aa2f1000-7f84aa2f3000 rw-p 0002a000 fd:01 1313957                    /usr/lib/jvm/java-8-oracle/jre/lib/amd64/libjava.so
7f84aa2f3000-7f84aa300000 r-xp 00000000 fd:01 1313940                    /usr/lib/jvm/java-8-oracle/jre/lib/amd64/libverify.so
7f84aa300000-7f84aa500000 ---p 0000d000 fd:01 1313940                    /usr/lib/jvm/java-8-oracle/jre/lib/amd64/libverify.so
7f84aa500000-7f84aa502000 rw-p 0000d000 fd:01 1313940                    /usr/lib/jvm/java-8-oracle/jre/lib/amd64/libverify.so
7f84aa502000-7f84aa509000 r-xp 00000000 fd:01 393633                     /lib/x86_64-linux-gnu/librt-2.19.so
7f84aa509000-7f84aa708000 ---p 00007000 fd:01 393633                     /lib/x86_64-linux-gnu/librt-2.19.so
7f84aa708000-7f84aa709000 r--p 00006000 fd:01 393633                     /lib/x86_64-linux-gnu/librt-2.19.so
7f84aa709000-7f84aa70a000 rw-p 00007000 fd:01 393633                     /lib/x86_64-linux-gnu/librt-2.19.so
7f84aa70a000-7f84aa80f000 r-xp 00000000 fd:01 393312                     /lib/x86_64-linux-gnu/libm-2.19.so
7f84aa80f000-7f84aaa0e000 ---p 00105000 fd:01 393312                     /lib/x86_64-linux-gnu/libm-2.19.so
7f84aaa0e000-7f84aaa0f000 r--p 00104000 fd:01 393312                     /lib/x86_64-linux-gnu/libm-2.19.so
7f84aaa0f000-7f84aaa10000 rw-p 00105000 fd:01 393312                     /lib/x86_64-linux-gnu/libm-2.19.so
7f84aaa10000-7f84ab6cf000 r-xp 00000000 fd:01 1313947                    /usr/lib/jvm/java-8-oracle/jre/lib/amd64/server/libjvm.so
7f84ab6cf000-7f84ab8ce000 ---p 00cbf000 fd:01 1313947                    /usr/lib/jvm/java-8-oracle/jre/lib/amd64/server/libjvm.so
7f84ab8ce000-7f84ab9a7000 rw-p 00cbe000 fd:01 1313947                    /usr/lib/jvm/java-8-oracle/jre/lib/amd64/server/libjvm.so
7f84ab9a7000-7f84ab9f0000 rw-p 00000000 00:00 0 
7f84ab9f0000-7f84abbab000 r-xp 00000000 fd:01 393625                     /lib/x86_64-linux-gnu/libc-2.19.so
7f84abbab000-7f84abdaa000 ---p 001bb000 fd:01 393625                     /lib/x86_64-linux-gnu/libc-2.19.so
7f84abdaa000-7f84abdae000 r--p 001ba000 fd:01 393625                     /lib/x86_64-linux-gnu/libc-2.19.so
7f84abdae000-7f84abdb0000 rw-p 001be000 fd:01 393625                     /lib/x86_64-linux-gnu/libc-2.19.so
7f84abdb0000-7f84abdb5000 rw-p 00000000 00:00 0 
7f84abdb5000-7f84abdb8000 r-xp 00000000 fd:01 393395                     /lib/x86_64-linux-gnu/libdl-2.19.so
7f84abdb8000-7f84abfb7000 ---p 00003000 fd:01 393395                     /lib/x86_64-linux-gnu/libdl-2.19.so
7f84abfb7000-7f84abfb8000 r--p 00002000 fd:01 393395                     /lib/x86_64-linux-gnu/libdl-2.19.so
7f84abfb8000-7f84abfb9000 rw-p 00003000 fd:01 393395                     /lib/x86_64-linux-gnu/libdl-2.19.so
7f84abfb9000-7f84abfce000 r-xp 00000000 fd:01 1313986                    /usr/lib/jvm/java-8-oracle/jre/lib/amd64/jli/libjli.so
7f84abfce000-7f84ac1ce000 ---p 00015000 fd:01 1313986                    /usr/lib/jvm/java-8-oracle/jre/lib/amd64/jli/libjli.so
7f84ac1ce000-7f84ac1cf000 rw-p 00015000 fd:01 1313986                    /usr/lib/jvm/java-8-oracle/jre/lib/amd64/jli/libjli.so
7f84ac1cf000-7f84ac1e8000 r-xp 00000000 fd:01 393627                     /lib/x86_64-linux-gnu/libpthread-2.19.so
7f84ac1e8000-7f84ac3e7000 ---p 00019000 fd:01 393627                     /lib/x86_64-linux-gnu/libpthread-2.19.so
7f84ac3e7000-7f84ac3e8000 r--p 00018000 fd:01 393627                     /lib/x86_64-linux-gnu/libpthread-2.19.so
7f84ac3e8000-7f84ac3e9000 rw-p 00019000 fd:01 393627                     /lib/x86_64-linux-gnu/libpthread-2.19.so
7f84ac3e9000-7f84ac3ed000 rw-p 00000000 00:00 0 
7f84ac3ed000-7f84ac410000 r-xp 00000000 fd:01 393595                     /lib/x86_64-linux-gnu/ld-2.19.so
7f84ac4fb000-7f84ac503000 rw-s 00000000 fd:01 792493                     /tmp/hsperfdata_root/3615
7f84ac503000-7f84ac506000 ---p 00000000 00:00 0 
7f84ac506000-7f84ac609000 rw-p 00000000 00:00 0                          [stack:3616]
7f84ac609000-7f84ac60c000 rw-p 00000000 00:00 0 
7f84ac60c000-7f84ac60d000 r--p 00000000 00:00 0 
7f84ac60d000-7f84ac60f000 rw-p 00000000 00:00 0 
7f84ac60f000-7f84ac610000 r--p 00022000 fd:01 393595                     /lib/x86_64-linux-gnu/ld-2.19.so
7f84ac610000-7f84ac611000 rw-p 00023000 fd:01 393595                     /lib/x86_64-linux-gnu/ld-2.19.so
7f84ac611000-7f84ac612000 rw-p 00000000 00:00 0 
7ffc12863000-7ffc12884000 rw-p 00000000 00:00 0                          [stack]
7ffc1296f000-7ffc12971000 r-xp 00000000 00:00 0                          [vdso]
ffffffffff600000-ffffffffff601000 r-xp 00000000 00:00 0                  [vsyscall]

VM Arguments:
jvm_args: -Xms2048M -Xmx2048M 
java_command: minecraft_server.1.8.9.jar nogui
java_class_path (initial): minecraft_server.1.8.9.jar
Launcher Type: SUN_STANDARD

Environment Variables:
PATH=/usr/local/sbin:/usr/local/bin:/usr/sbin:/usr/bin:/sbin:/bin:/usr/games:/usr/local/games
SHELL=/bin/bash

Signal Handlers:
SIGSEGV: [libjvm.so+0xabb070], sa_mask[0]=11111111011111111101111111111110, sa_flags=SA_RESTART|SA_SIGINFO
SIGBUS: [libjvm.so+0xabb070], sa_mask[0]=11111111011111111101111111111110, sa_flags=SA_RESTART|SA_SIGINFO
SIGFPE: [libjvm.so+0x918480], sa_mask[0]=11111111011111111101111111111110, sa_flags=SA_RESTART|SA_SIGINFO
SIGPIPE: [libjvm.so+0x918480], sa_mask[0]=11111111011111111101111111111110, sa_flags=SA_RESTART|SA_SIGINFO
SIGXFSZ: [libjvm.so+0x918480], sa_mask[0]=11111111011111111101111111111110, sa_flags=SA_RESTART|SA_SIGINFO
SIGILL: [libjvm.so+0x918480], sa_mask[0]=11111111011111111101111111111110, sa_flags=SA_RESTART|SA_SIGINFO
SIGUSR1: SIG_DFL, sa_mask[0]=00000000000000000000000000000000, sa_flags=none
SIGUSR2: [libjvm.so+0x919ab0], sa_mask[0]=00000000000000000000000000000000, sa_flags=SA_RESTART|SA_SIGINFO
SIGHUP: SIG_DFL, sa_mask[0]=00000000000000000000000000000000, sa_flags=none
SIGINT: SIG_DFL, sa_mask[0]=00000000000000000000000000000000, sa_flags=none
SIGTERM: SIG_DFL, sa_mask[0]=00000000000000000000000000000000, sa_flags=none
SIGQUIT: SIG_DFL, sa_mask[0]=00000000000000000000000000000000, sa_flags=none


---------------  S Y S T E M  ---------------

OS:DISTRIB_ID=Ubuntu
DISTRIB_RELEASE=14.04
DISTRIB_CODENAME=trusty
DISTRIB_DESCRIPTION="Ubuntu 14.04.3 LTS"

uname:Linux 3.13.0-71-generic #114-Ubuntu SMP Tue Dec 1 02:34:22 UTC 2015 x86_64
libc:glibc 2.19 NPTL 2.19 
rlimit: STACK 8192k, CORE 0k, NPROC 7884, NOFILE 4096, AS infinity
load average:0.49 0.31 0.14

/proc/meminfo:
MemTotal:        1017860 kB
MemFree:          373316 kB
Buffers:           12160 kB
Cached:           560136 kB
SwapCached:            0 kB
Active:           143784 kB
Inactive:         445836 kB
Active(anon):      17448 kB
Inactive(anon):      240 kB
Active(file):     126336 kB
Inactive(file):   445596 kB
Unevictable:           0 kB
Mlocked:               0 kB
SwapTotal:             0 kB
SwapFree:              0 kB
Dirty:               224 kB
Writeback:             0 kB
AnonPages:         17356 kB
Mapped:             8320 kB
Shmem:               332 kB
Slab:              39376 kB
SReclaimable:      31664 kB
SUnreclaim:         7712 kB
KernelStack:         544 kB
PageTables:         1728 kB
NFS_Unstable:          0 kB
Bounce:                0 kB
WritebackTmp:          0 kB
CommitLimit:      508928 kB
Committed_AS:     749120 kB
VmallocTotal:   34359738367 kB
VmallocUsed:        8788 kB
VmallocChunk:   34359721932 kB
HardwareCorrupted:     0 kB
AnonHugePages:         0 kB
HugePages_Total:       0
HugePages_Free:        0
HugePages_Rsvd:        0
HugePages_Surp:        0
Hugepagesize:       2048 kB
DirectMap4k:       28664 kB
DirectMap2M:     1019904 kB
DirectMap1G:           0 kB


CPU:total 1 (1 cores per cpu, 1 threads per core) family 6 model 62 stepping 4, cmov, cx8, fxsr, mmx, sse, sse2, sse3, ssse3, sse4.1, sse4.2, popcnt, avx, aes, clmul, erms, tsc

/proc/cpuinfo:
processor	: 0
vendor_id	: GenuineIntel
cpu family	: 6
model		: 62
model name	: Intel(R) Xeon(R) CPU E5-2630L v2 @ 2.40GHz
stepping	: 4
microcode	: 0x1
cpu MHz		: 2399.998
cache size	: 15360 KB
physical id	: 0
siblings	: 1
core id		: 0
cpu cores	: 1
apicid		: 0
initial apicid	: 0
fpu		: yes
fpu_exception	: yes
cpuid level	: 13
wp		: yes
flags		: fpu vme de pse tsc msr pae mce cx8 apic sep mtrr pge mca cmov pat pse36 clflush mmx fxsr sse sse2 ss syscall nx pdpe1gb rdtscp lm constant_tsc arch_perfmon rep_good nopl eagerfpu pni pclmulqdq vmx ssse3 cx16 pcid sse4_1 sse4_2 x2apic popcnt tsc_deadline_timer aes xsave avx f16c rdrand hypervisor lahf_lm xsaveopt vnmi ept fsgsbase tsc_adjust smep erms
bogomips	: 4799.99
clflush size	: 64
cache_alignment	: 64
address sizes	: 40 bits physical, 48 bits virtual
power management:



Memory: 4k page, physical 1017860k(373316k free), swap 0k(0k free)

vm_info: Java HotSpot(TM) 64-Bit Server VM (25.72-b15) for linux-amd64 JRE (1.8.0_72-b15), built on Dec 22 2015 22:00:07 by "java_re" with gcc 4.3.0 20080428 (Red Hat 4.3.0-8)

time: Tue Feb  9 00:52:36 2016
elapsed time: 0 seconds (0d 0h 0m 0s)

