[00:57:35] [Server thread/INFO]: Starting minecraft server version 1.7.10
[00:57:35] [Server thread/INFO]: Loading properties
[00:57:35] [Server thread/INFO]: Default game type: SURVIVAL
[00:57:35] [Server thread/INFO]: Generating keypair
[00:57:35] [Server thread/INFO]: Starting Minecraft server on *:25565
[00:57:36] [Server thread/INFO]: Preparing level "world"
[00:57:36] [Server thread/INFO]: Preparing start region for level 0
[00:57:36] [Server thread/INFO]: Done (0.602s)! For help, type "help" or "?"
[00:57:42] [User Authenticator #1/INFO]: UUID of player Razven is c164632e-014c-4d87-84a5-608d16cf4d75
[00:57:42] [Server thread/INFO]: Razven[/107.207.39.71:51255] logged in with entity id 7 at (-245.5, 128.0, 277.5)
[00:57:42] [Server thread/INFO]: Razven joined the game
[00:57:44] [Server thread/WARN]: Can't keep up! Did the system time change, or is the server overloaded? Running 2351ms behind, skipping 47 tick(s)
[00:57:47] [User Authenticator #2/INFO]: UUID of player Ileao is edf7f37a-c5d1-47ee-adc6-43c06be7a453
[00:57:47] [Server thread/INFO]: Ileao[/174.113.18.110:50458] logged in with entity id 15718 at (-255.5, 43.0, 288.5)
[00:57:47] [Server thread/INFO]: Ileao joined the game
[00:58:04] [Server thread/INFO]: [Razven: Teleported Ileao to Razven]
[00:58:22] [Server thread/INFO]: [Razven: Set own game mode to Creative Mode]
[00:58:39] [Server thread/INFO]: [Razven: Teleported Ileao to Razven]
[00:58:43] [Server thread/INFO]: [Razven: Set own game mode to Survival Mode]
[00:59:04] [Server thread/INFO]: Ileao has just earned the achievement [Taking Inventory]
[01:00:32] [Server thread/INFO]: Ileao has just earned the achievement [Getting Wood]
[01:00:35] [Server thread/INFO]: Razven has just earned the achievement [Taking Inventory]
[01:00:37] [Server thread/INFO]: Ileao has just earned the achievement [Benchmarking]
[01:06:11] [Server thread/INFO]: Razven was slain by Zombie
[01:06:40] [Server thread/INFO]: [Razven: Set Ileao's game mode to Creative Mode]
[01:07:02] [Server thread/INFO]: [Razven: Set own game mode to Creative Mode]
[01:07:09] [Server thread/INFO]: Ileao lost connection: TextComponent{text='Disconnected', siblings=[], style=Style{hasParent=false, color=null, bold=null, italic=null, underlined=null, obfuscated=null, clickEvent=null, hoverEvent=null}}
[01:07:09] [Server thread/INFO]: Ileao left the game
[01:07:41] [Server thread/INFO]: Razven lost connection: TextComponent{text='Disconnected', siblings=[], style=Style{hasParent=false, color=null, bold=null, italic=null, underlined=null, obfuscated=null, clickEvent=null, hoverEvent=null}}
[01:07:41] [Server thread/INFO]: Razven left the game
[01:07:44] [Server Shutdown Thread/INFO]: Stopping server
